f:\s oosterhof\mijn documenten\visual studio 2017\projects\edingcnc\cncapinet\netdll_edingcnc - v4.3.40\netdll_edingcnc\release\cncapinet64.pch
f:\s oosterhof\mijn documenten\visual studio 2017\projects\edingcnc\cncapinet\netdll_edingcnc - v4.3.40\netdll_edingcnc\release\vc141.pdb
f:\s oosterhof\mijn documenten\visual studio 2017\projects\edingcnc\cncapinet\netdll_edingcnc - v4.3.40\netdll_edingcnc\release\stdafx.obj
f:\s oosterhof\mijn documenten\visual studio 2017\projects\edingcnc\cncapinet\netdll_edingcnc - v4.3.40\netdll_edingcnc\release\cnc_s_oosterhof.obj
f:\s oosterhof\mijn documenten\visual studio 2017\projects\edingcnc\cncapinet\netdll_edingcnc - v4.3.40\netdll_edingcnc\release\assemblyinfo.obj
f:\s oosterhof\mijn documenten\visual studio 2017\projects\edingcnc\cncapinet\netdll_edingcnc - v4.3.40\netdll_edingcnc\release\.netframework,version=v4.0.assemblyattributes.obj
f:\s oosterhof\mijn documenten\visual studio 2017\projects\edingcnc\cncapinet\netdll_edingcnc - v4.3.40\netdll_edingcnc\release\.netframework,version=v4.0.assemblyattributes.asm
f:\s oosterhof\mijn documenten\visual studio 2017\projects\edingcnc\cncapinet\netdll_edingcnc - v4.3.40\netdll_edingcnc\release\app.res
f:\s oosterhof\mijn documenten\visual studio 2017\projects\edingcnc\cncapinet\netframework\netdll_edingcnc - v4.3.50\netdll_edingcnc\release\.netframework,version=v4.0.assemblyattributes.obj
f:\s oosterhof\mijn documenten\visual studio 2017\projects\edingcnc\cncapinet\netframework\netdll_edingcnc - v4.3.50\netdll_edingcnc\release\assemblyinfo.obj
f:\s oosterhof\mijn documenten\visual studio 2017\projects\edingcnc\cncapinet\netframework\netdll_edingcnc - v4.3.50\netdll_edingcnc\release\cnc_s_oosterhof.obj
f:\s oosterhof\mijn documenten\visual studio 2017\projects\edingcnc\cncapinet\netframework\netdll_edingcnc - v4.3.50\netdll_edingcnc\release\stdafx.obj
f:\s oosterhof\mijn documenten\visual studio 2017\projects\edingcnc\cncapinet\netframework\netdll_edingcnc - v4.3.50\netdll_edingcnc\release\app.res
f:\s oosterhof\mijn documenten\visual studio 2017\projects\edingcnc\cncapinet\netframework\netdll_edingcnc - v4.3.50\netdll_edingcnc\release\cncapinet64.pch
f:\s oosterhof\mijn documenten\visual studio 2017\projects\edingcnc\cncapinet\netframework\netdll_edingcnc - v4.3.50\netdll_edingcnc\release\vc141.pdb
f:\s oosterhof\mijn documenten\visual studio 2017\projects\edingcnc\cncapinet\netframework\netdll_edingcnc - v4.3.50\netdll_edingcnc\release\cncapinet64.tlog\cl.command.1.tlog
f:\s oosterhof\mijn documenten\visual studio 2017\projects\edingcnc\cncapinet\netframework\netdll_edingcnc - v4.3.50\netdll_edingcnc\release\cncapinet64.tlog\cl.read.1.tlog
f:\s oosterhof\mijn documenten\visual studio 2017\projects\edingcnc\cncapinet\netframework\netdll_edingcnc - v4.3.50\netdll_edingcnc\release\cncapinet64.tlog\cl.write.1.tlog
f:\s oosterhof\mijn documenten\visual studio 2017\projects\edingcnc\cncapinet\netframework\netdll_edingcnc - v4.3.50\netdll_edingcnc\release\cncapinet64.tlog\link-cvtres.read.1.tlog
f:\s oosterhof\mijn documenten\visual studio 2017\projects\edingcnc\cncapinet\netframework\netdll_edingcnc - v4.3.50\netdll_edingcnc\release\cncapinet64.tlog\link-cvtres.write.1.tlog
f:\s oosterhof\mijn documenten\visual studio 2017\projects\edingcnc\cncapinet\netframework\netdll_edingcnc - v4.3.50\netdll_edingcnc\release\cncapinet64.tlog\link-rc.read.1.tlog
f:\s oosterhof\mijn documenten\visual studio 2017\projects\edingcnc\cncapinet\netframework\netdll_edingcnc - v4.3.50\netdll_edingcnc\release\cncapinet64.tlog\link-rc.write.1.tlog
f:\s oosterhof\mijn documenten\visual studio 2017\projects\edingcnc\cncapinet\netframework\netdll_edingcnc - v4.3.50\netdll_edingcnc\release\cncapinet64.tlog\link.command.1.tlog
f:\s oosterhof\mijn documenten\visual studio 2017\projects\edingcnc\cncapinet\netframework\netdll_edingcnc - v4.3.50\netdll_edingcnc\release\cncapinet64.tlog\link.read.1.tlog
f:\s oosterhof\mijn documenten\visual studio 2017\projects\edingcnc\cncapinet\netframework\netdll_edingcnc - v4.3.50\netdll_edingcnc\release\cncapinet64.tlog\link.write.1.tlog
f:\s oosterhof\mijn documenten\visual studio 2017\projects\edingcnc\cncapinet\netframework\netdll_edingcnc - v4.3.50\netdll_edingcnc\release\cncapinet64.tlog\metagen.read.1.tlog
f:\s oosterhof\mijn documenten\visual studio 2017\projects\edingcnc\cncapinet\netframework\netdll_edingcnc - v4.3.50\netdll_edingcnc\release\cncapinet64.tlog\metagen.write.1.tlog
f:\s oosterhof\mijn documenten\visual studio 2017\projects\edingcnc\cncapinet\netframework\netdll_edingcnc - v4.3.50\netdll_edingcnc\release\cncapinet64.tlog\rc.command.1.tlog
f:\s oosterhof\mijn documenten\visual studio 2017\projects\edingcnc\cncapinet\netframework\netdll_edingcnc - v4.3.50\netdll_edingcnc\release\cncapinet64.tlog\rc.read.1.tlog
f:\s oosterhof\mijn documenten\visual studio 2017\projects\edingcnc\cncapinet\netframework\netdll_edingcnc - v4.3.50\netdll_edingcnc\release\cncapinet64.tlog\rc.write.1.tlog
