f:\s oosterhof\mijn documenten\visual studio 2017\projects\edingcnc\cncapinet\netdll_edingcnc - v4.3.36 - x64 support\netdll_edingcnc\x64\release\cncapinet.pch
f:\s oosterhof\mijn documenten\visual studio 2017\projects\edingcnc\cncapinet\netdll_edingcnc - v4.3.36 - x64 support\netdll_edingcnc\x64\release\vc141.pdb
f:\s oosterhof\mijn documenten\visual studio 2017\projects\edingcnc\cncapinet\netdll_edingcnc - v4.3.36 - x64 support\netdll_edingcnc\x64\release\stdafx.obj
f:\s oosterhof\mijn documenten\visual studio 2017\projects\edingcnc\cncapinet\netdll_edingcnc - v4.3.36 - x64 support\netdll_edingcnc\x64\release\cnc_s_oosterhof.obj
f:\s oosterhof\mijn documenten\visual studio 2017\projects\edingcnc\cncapinet\netdll_edingcnc - v4.3.36 - x64 support\netdll_edingcnc\x64\release\assemblyinfo.obj
f:\s oosterhof\mijn documenten\visual studio 2017\projects\edingcnc\cncapinet\netdll_edingcnc - v4.3.36 - x64 support\netdll_edingcnc\x64\release\.netframework,version=v4.0.assemblyattributes.obj
f:\s oosterhof\mijn documenten\visual studio 2017\projects\edingcnc\cncapinet\netdll_edingcnc - v4.3.36 - x64 support\netdll_edingcnc\x64\release\.netframework,version=v4.0.assemblyattributes.asm
f:\s oosterhof\mijn documenten\visual studio 2017\projects\edingcnc\cncapinet\netdll_edingcnc - v4.3.36 - x64 support\x64\release\cncapinet.dll
f:\s oosterhof\mijn documenten\visual studio 2017\projects\edingcnc\cncapinet\netdll_edingcnc - v4.3.36 - x64 support\x64\release\cncapinet.pdb
f:\s oosterhof\mijn documenten\visual studio 2017\projects\edingcnc\cncapinet\netdll_edingcnc - v4.3.36 - x64 support\netdll_edingcnc\x64\release\app.res
f:\s oosterhof\mijn documenten\visual studio 2017\projects\edingcnc\cncapinet\netdll_edingcnc - v4.3.36 - x64 support\netdll_edingcnc\x64\release\cncapinet.tlog\cl.command.1.tlog
f:\s oosterhof\mijn documenten\visual studio 2017\projects\edingcnc\cncapinet\netdll_edingcnc - v4.3.36 - x64 support\netdll_edingcnc\x64\release\cncapinet.tlog\cl.read.1.tlog
f:\s oosterhof\mijn documenten\visual studio 2017\projects\edingcnc\cncapinet\netdll_edingcnc - v4.3.36 - x64 support\netdll_edingcnc\x64\release\cncapinet.tlog\cl.write.1.tlog
f:\s oosterhof\mijn documenten\visual studio 2017\projects\edingcnc\cncapinet\netdll_edingcnc - v4.3.36 - x64 support\netdll_edingcnc\x64\release\cncapinet.tlog\link.command.1.tlog
f:\s oosterhof\mijn documenten\visual studio 2017\projects\edingcnc\cncapinet\netdll_edingcnc - v4.3.36 - x64 support\netdll_edingcnc\x64\release\cncapinet.tlog\link.read.1.tlog
f:\s oosterhof\mijn documenten\visual studio 2017\projects\edingcnc\cncapinet\netdll_edingcnc - v4.3.36 - x64 support\netdll_edingcnc\x64\release\cncapinet.tlog\link.write.1.tlog
f:\s oosterhof\mijn documenten\visual studio 2017\projects\edingcnc\cncapinet\netdll_edingcnc - v4.3.36 - x64 support\netdll_edingcnc\x64\release\cncapinet.tlog\metagen.read.1.tlog
f:\s oosterhof\mijn documenten\visual studio 2017\projects\edingcnc\cncapinet\netdll_edingcnc - v4.3.36 - x64 support\netdll_edingcnc\x64\release\cncapinet.tlog\metagen.write.1.tlog
f:\s oosterhof\mijn documenten\visual studio 2017\projects\edingcnc\cncapinet\netdll_edingcnc - v4.3.36 - x64 support\netdll_edingcnc\x64\release\cncapinet.tlog\rc.command.1.tlog
f:\s oosterhof\mijn documenten\visual studio 2017\projects\edingcnc\cncapinet\netdll_edingcnc - v4.3.36 - x64 support\netdll_edingcnc\x64\release\cncapinet.tlog\rc.read.1.tlog
f:\s oosterhof\mijn documenten\visual studio 2017\projects\edingcnc\cncapinet\netdll_edingcnc - v4.3.36 - x64 support\netdll_edingcnc\x64\release\cncapinet.tlog\rc.write.1.tlog
