f:\s oosterhof\mijn documenten\visual studio 2017\projects\edingcnc\netdll_edingcnc - v4.3.32\netdll_edingcnc\release\netdll_edingcnc.pch
f:\s oosterhof\mijn documenten\visual studio 2017\projects\edingcnc\netdll_edingcnc - v4.3.32\netdll_edingcnc\release\vc141.pdb
f:\s oosterhof\mijn documenten\visual studio 2017\projects\edingcnc\netdll_edingcnc - v4.3.32\netdll_edingcnc\release\stdafx.obj
f:\s oosterhof\mijn documenten\visual studio 2017\projects\edingcnc\netdll_edingcnc - v4.3.32\netdll_edingcnc\release\cnc_s_oosterhof.obj
f:\s oosterhof\mijn documenten\visual studio 2017\projects\edingcnc\netdll_edingcnc - v4.3.32\netdll_edingcnc\release\assemblyinfo.obj
f:\s oosterhof\mijn documenten\visual studio 2017\projects\edingcnc\netdll_edingcnc - v4.3.32\netdll_edingcnc\release\.netframework,version=v4.0.assemblyattributes.obj
f:\s oosterhof\mijn documenten\visual studio 2017\projects\edingcnc\netdll_edingcnc - v4.3.32\netdll_edingcnc\release\.netframework,version=v4.0.assemblyattributes.asm
f:\s oosterhof\mijn documenten\visual studio 2017\projects\edingcnc\netdll_edingcnc - v4.3.32\release\netdll_edingcnc.dll
f:\s oosterhof\mijn documenten\visual studio 2017\projects\edingcnc\netdll_edingcnc - v4.3.32\release\netdll_edingcnc.pdb
f:\s oosterhof\mijn documenten\visual studio 2017\projects\edingcnc\netdll_edingcnc - v4.3.32\netdll_edingcnc\release\app.res
f:\s oosterhof\mijn documenten\visual studio 2017\projects\edingcnc\netdll_edingcnc - v4.3.32\netdll_edingcnc\release\netdll_edingcnc.vcxprojassemblyreference.cache
f:\s oosterhof\mijn documenten\visual studio 2017\projects\edingcnc\netdll_edingcnc - v4.3.32\netdll_edingcnc\release\netdll_edingcnc.tlog\cl.command.1.tlog
f:\s oosterhof\mijn documenten\visual studio 2017\projects\edingcnc\netdll_edingcnc - v4.3.32\netdll_edingcnc\release\netdll_edingcnc.tlog\cl.read.1.tlog
f:\s oosterhof\mijn documenten\visual studio 2017\projects\edingcnc\netdll_edingcnc - v4.3.32\netdll_edingcnc\release\netdll_edingcnc.tlog\cl.write.1.tlog
f:\s oosterhof\mijn documenten\visual studio 2017\projects\edingcnc\netdll_edingcnc - v4.3.32\netdll_edingcnc\release\netdll_edingcnc.tlog\link.command.1.tlog
f:\s oosterhof\mijn documenten\visual studio 2017\projects\edingcnc\netdll_edingcnc - v4.3.32\netdll_edingcnc\release\netdll_edingcnc.tlog\link.read.1.tlog
f:\s oosterhof\mijn documenten\visual studio 2017\projects\edingcnc\netdll_edingcnc - v4.3.32\netdll_edingcnc\release\netdll_edingcnc.tlog\link.write.1.tlog
f:\s oosterhof\mijn documenten\visual studio 2017\projects\edingcnc\netdll_edingcnc - v4.3.32\netdll_edingcnc\release\netdll_edingcnc.tlog\metagen.read.1.tlog
f:\s oosterhof\mijn documenten\visual studio 2017\projects\edingcnc\netdll_edingcnc - v4.3.32\netdll_edingcnc\release\netdll_edingcnc.tlog\metagen.write.1.tlog
f:\s oosterhof\mijn documenten\visual studio 2017\projects\edingcnc\netdll_edingcnc - v4.3.32\netdll_edingcnc\release\netdll_edingcnc.tlog\rc.command.1.tlog
f:\s oosterhof\mijn documenten\visual studio 2017\projects\edingcnc\netdll_edingcnc - v4.3.32\netdll_edingcnc\release\netdll_edingcnc.tlog\rc.read.1.tlog
f:\s oosterhof\mijn documenten\visual studio 2017\projects\edingcnc\netdll_edingcnc - v4.3.32\netdll_edingcnc\release\netdll_edingcnc.tlog\rc.write.1.tlog
