f:\s oosterhof\mijn documenten\visual studio 2017\projects\edingcnc\cncapinet\netframework\netdll_edingcnc - v4.3.52\netdll_edingcnc\x64\release\cncapinet64.pch
f:\s oosterhof\mijn documenten\visual studio 2017\projects\edingcnc\cncapinet\netframework\netdll_edingcnc - v4.3.52\netdll_edingcnc\x64\release\vc142.pdb
f:\s oosterhof\mijn documenten\visual studio 2017\projects\edingcnc\cncapinet\netframework\netdll_edingcnc - v4.3.52\netdll_edingcnc\x64\release\stdafx.obj
f:\s oosterhof\mijn documenten\visual studio 2017\projects\edingcnc\cncapinet\netframework\netdll_edingcnc - v4.3.52\netdll_edingcnc\x64\release\cnc_s_oosterhof.obj
f:\s oosterhof\mijn documenten\visual studio 2017\projects\edingcnc\cncapinet\netframework\netdll_edingcnc - v4.3.52\netdll_edingcnc\x64\release\assemblyinfo.obj
f:\s oosterhof\mijn documenten\visual studio 2017\projects\edingcnc\cncapinet\netframework\netdll_edingcnc - v4.3.52\netdll_edingcnc\x64\release\.netframework,version=v4.0.assemblyattributes.obj
f:\s oosterhof\mijn documenten\visual studio 2017\projects\edingcnc\cncapinet\netframework\netdll_edingcnc - v4.3.52\x64\release\cncapinet64.dll
f:\s oosterhof\mijn documenten\visual studio 2017\projects\edingcnc\cncapinet\netframework\netdll_edingcnc - v4.3.52\x64\release\cncapinet64.pdb
f:\s oosterhof\mijn documenten\visual studio 2017\projects\edingcnc\cncapinet\netframework\netdll_edingcnc - v4.3.52\netdll_edingcnc\x64\release\app.res
f:\s oosterhof\mijn documenten\visual studio 2017\projects\edingcnc\cncapinet\netframework\netdll_edingcnc - v4.3.52\netdll_edingcnc\x64\release\cncapinet64.tlog\cl.command.1.tlog
f:\s oosterhof\mijn documenten\visual studio 2017\projects\edingcnc\cncapinet\netframework\netdll_edingcnc - v4.3.52\netdll_edingcnc\x64\release\cncapinet64.tlog\cl.read.1.tlog
f:\s oosterhof\mijn documenten\visual studio 2017\projects\edingcnc\cncapinet\netframework\netdll_edingcnc - v4.3.52\netdll_edingcnc\x64\release\cncapinet64.tlog\cl.write.1.tlog
f:\s oosterhof\mijn documenten\visual studio 2017\projects\edingcnc\cncapinet\netframework\netdll_edingcnc - v4.3.52\netdll_edingcnc\x64\release\cncapinet64.tlog\link.command.1.tlog
f:\s oosterhof\mijn documenten\visual studio 2017\projects\edingcnc\cncapinet\netframework\netdll_edingcnc - v4.3.52\netdll_edingcnc\x64\release\cncapinet64.tlog\link.read.1.tlog
f:\s oosterhof\mijn documenten\visual studio 2017\projects\edingcnc\cncapinet\netframework\netdll_edingcnc - v4.3.52\netdll_edingcnc\x64\release\cncapinet64.tlog\link.write.1.tlog
f:\s oosterhof\mijn documenten\visual studio 2017\projects\edingcnc\cncapinet\netframework\netdll_edingcnc - v4.3.52\netdll_edingcnc\x64\release\cncapinet64.tlog\metagen.read.1.tlog
f:\s oosterhof\mijn documenten\visual studio 2017\projects\edingcnc\cncapinet\netframework\netdll_edingcnc - v4.3.52\netdll_edingcnc\x64\release\cncapinet64.tlog\metagen.write.1.tlog
f:\s oosterhof\mijn documenten\visual studio 2017\projects\edingcnc\cncapinet\netframework\netdll_edingcnc - v4.3.52\netdll_edingcnc\x64\release\cncapinet64.tlog\rc.command.1.tlog
f:\s oosterhof\mijn documenten\visual studio 2017\projects\edingcnc\cncapinet\netframework\netdll_edingcnc - v4.3.52\netdll_edingcnc\x64\release\cncapinet64.tlog\rc.read.1.tlog
f:\s oosterhof\mijn documenten\visual studio 2017\projects\edingcnc\cncapinet\netframework\netdll_edingcnc - v4.3.52\netdll_edingcnc\x64\release\cncapinet64.tlog\rc.write.1.tlog
